[TRACE] 2019-04-17 16:59:45.116 [main] CounterSeviceServer - tracing... ...
[DEBUG] 2019-04-17 16:59:45.119 [main] CounterSeviceServer - debuging ... ...
[INFO ] 2019-04-17 16:59:45.120 [main] CounterSeviceServer - info ... ... 
[WARN ] 2019-04-17 16:59:45.120 [main] CounterSeviceServer - warning .... ... 
[ERROR] 2019-04-17 16:59:45.120 [main] CounterSeviceServer - error ... ... 
[FATAL] 2019-04-17 16:59:45.120 [main] CounterSeviceServer - fatal ... ...
[INFO ] 2019-04-17 16:59:45.407 [main] CounterSeviceServer - Server started, listening on 9090
[TRACE] 2019-04-18 14:39:16.508 [main] CounterSeviceServer - tracing... ...
[DEBUG] 2019-04-18 14:39:16.511 [main] CounterSeviceServer - debuging ... ...
[INFO ] 2019-04-18 14:39:16.511 [main] CounterSeviceServer - info ... ... 
[WARN ] 2019-04-18 14:39:16.511 [main] CounterSeviceServer - warning .... ... 
[ERROR] 2019-04-18 14:39:16.511 [main] CounterSeviceServer - error ... ... 
[FATAL] 2019-04-18 14:39:16.511 [main] CounterSeviceServer - fatal ... ...
[INFO ] 2019-04-18 14:39:16.864 [main] CounterSeviceServer - Server started, listening on 9090
[TRACE] 2019-04-18 14:42:07.144 [main] CounterSeviceServer - tracing... ...
[DEBUG] 2019-04-18 14:42:07.147 [main] CounterSeviceServer - debuging ... ...
[INFO ] 2019-04-18 14:42:07.147 [main] CounterSeviceServer - info ... ... 
[WARN ] 2019-04-18 14:42:07.147 [main] CounterSeviceServer - warning .... ... 
[ERROR] 2019-04-18 14:42:07.148 [main] CounterSeviceServer - error ... ... 
[FATAL] 2019-04-18 14:42:07.148 [main] CounterSeviceServer - fatal ... ...
[INFO ] 2019-04-18 14:42:07.449 [main] CounterSeviceServer - Server started, listening on 9090
[TRACE] 2019-04-18 14:52:25.164 [main] CounterSeviceServer - tracing... ...
[DEBUG] 2019-04-18 14:52:25.167 [main] CounterSeviceServer - debuging ... ...
[INFO ] 2019-04-18 14:52:25.167 [main] CounterSeviceServer - info ... ... 
[WARN ] 2019-04-18 14:52:25.167 [main] CounterSeviceServer - warning .... ... 
[ERROR] 2019-04-18 14:52:25.167 [main] CounterSeviceServer - error ... ... 
[FATAL] 2019-04-18 14:52:25.168 [main] CounterSeviceServer - fatal ... ...
[INFO ] 2019-04-18 14:52:25.453 [main] CounterSeviceServer - Server started, listening on 9090
[TRACE] 2019-04-18 14:58:06.444 [main] CounterSeviceServer - tracing... ...
[DEBUG] 2019-04-18 14:58:06.447 [main] CounterSeviceServer - debuging ... ...
[INFO ] 2019-04-18 14:58:06.447 [main] CounterSeviceServer - info ... ... 
[WARN ] 2019-04-18 14:58:06.448 [main] CounterSeviceServer - warning .... ... 
[ERROR] 2019-04-18 14:58:06.448 [main] CounterSeviceServer - error ... ... 
[FATAL] 2019-04-18 14:58:06.448 [main] CounterSeviceServer - fatal ... ...
[INFO ] 2019-04-18 14:58:06.736 [main] CounterSeviceServer - Server started, listening on 9090
[TRACE] 2019-04-18 15:03:50.409 [main] CounterSeviceServer - tracing... ...
[DEBUG] 2019-04-18 15:03:50.412 [main] CounterSeviceServer - debuging ... ...
[INFO ] 2019-04-18 15:03:50.412 [main] CounterSeviceServer - info ... ... 
[WARN ] 2019-04-18 15:03:50.412 [main] CounterSeviceServer - warning .... ... 
[ERROR] 2019-04-18 15:03:50.412 [main] CounterSeviceServer - error ... ... 
[FATAL] 2019-04-18 15:03:50.413 [main] CounterSeviceServer - fatal ... ...
[INFO ] 2019-04-18 15:03:50.679 [main] CounterSeviceServer - Server started, listening on 9090
[TRACE] 2019-04-18 15:09:36.056 [main] CounterSeviceServer - tracing... ...
[DEBUG] 2019-04-18 15:09:36.060 [main] CounterSeviceServer - debuging ... ...
[INFO ] 2019-04-18 15:09:36.060 [main] CounterSeviceServer - info ... ... 
[WARN ] 2019-04-18 15:09:36.060 [main] CounterSeviceServer - warning .... ... 
[ERROR] 2019-04-18 15:09:36.060 [main] CounterSeviceServer - error ... ... 
[FATAL] 2019-04-18 15:09:36.060 [main] CounterSeviceServer - fatal ... ...
[INFO ] 2019-04-18 15:09:36.376 [main] CounterSeviceServer - Server started, listening on 9090
[TRACE] 2019-04-18 15:23:31.815 [main] CounterSeviceServer - tracing... ...
[DEBUG] 2019-04-18 15:23:31.818 [main] CounterSeviceServer - debuging ... ...
[INFO ] 2019-04-18 15:23:31.818 [main] CounterSeviceServer - info ... ... 
[WARN ] 2019-04-18 15:23:31.818 [main] CounterSeviceServer - warning .... ... 
[ERROR] 2019-04-18 15:23:31.818 [main] CounterSeviceServer - error ... ... 
[FATAL] 2019-04-18 15:23:31.818 [main] CounterSeviceServer - fatal ... ...
[INFO ] 2019-04-18 15:23:32.081 [main] CounterSeviceServer - Server started, listening on 9090
[TRACE] 2019-04-18 15:30:55.341 [main] CounterSeviceServer - tracing... ...
[DEBUG] 2019-04-18 15:30:55.345 [main] CounterSeviceServer - debuging ... ...
[INFO ] 2019-04-18 15:30:55.345 [main] CounterSeviceServer - info ... ... 
[WARN ] 2019-04-18 15:30:55.345 [main] CounterSeviceServer - warning .... ... 
[ERROR] 2019-04-18 15:30:55.345 [main] CounterSeviceServer - error ... ... 
[FATAL] 2019-04-18 15:30:55.345 [main] CounterSeviceServer - fatal ... ...
[INFO ] 2019-04-18 15:30:55.674 [main] CounterSeviceServer - Server started, listening on 9090
[TRACE] 2019-04-18 15:31:02.962 [main] CounterSeviceServer - tracing... ...
[DEBUG] 2019-04-18 15:31:02.965 [main] CounterSeviceServer - debuging ... ...
[INFO ] 2019-04-18 15:31:02.965 [main] CounterSeviceServer - info ... ... 
[WARN ] 2019-04-18 15:31:02.965 [main] CounterSeviceServer - warning .... ... 
[ERROR] 2019-04-18 15:31:02.965 [main] CounterSeviceServer - error ... ... 
[FATAL] 2019-04-18 15:31:02.965 [main] CounterSeviceServer - fatal ... ...
[INFO ] 2019-04-18 15:31:03.203 [main] CounterSeviceServer - Server started, listening on 9090
[TRACE] 2019-04-18 15:40:30.585 [main] CounterSeviceServer - tracing... ...
[DEBUG] 2019-04-18 15:40:30.589 [main] CounterSeviceServer - debuging ... ...
[INFO ] 2019-04-18 15:40:30.590 [main] CounterSeviceServer - info ... ... 
[WARN ] 2019-04-18 15:40:30.592 [main] CounterSeviceServer - warning .... ... 
[ERROR] 2019-04-18 15:40:30.592 [main] CounterSeviceServer - error ... ... 
[FATAL] 2019-04-18 15:40:30.592 [main] CounterSeviceServer - fatal ... ...
[INFO ] 2019-04-18 15:40:30.925 [main] CounterSeviceServer - Server started, listening on 9090
[TRACE] 2019-04-18 15:45:41.336 [main] CounterSeviceServer - tracing... ...
[DEBUG] 2019-04-18 15:45:41.352 [main] CounterSeviceServer - debuging ... ...
[INFO ] 2019-04-18 15:45:41.352 [main] CounterSeviceServer - info ... ... 
[WARN ] 2019-04-18 15:45:41.352 [main] CounterSeviceServer - warning .... ... 
[ERROR] 2019-04-18 15:45:41.352 [main] CounterSeviceServer - error ... ... 
[FATAL] 2019-04-18 15:45:41.352 [main] CounterSeviceServer - fatal ... ...
[INFO ] 2019-04-18 15:45:41.655 [main] CounterSeviceServer - Server started, listening on 9090
[TRACE] 2019-04-18 15:46:21.255 [main] CounterSeviceServer - tracing... ...
[DEBUG] 2019-04-18 15:46:21.258 [main] CounterSeviceServer - debuging ... ...
[INFO ] 2019-04-18 15:46:21.259 [main] CounterSeviceServer - info ... ... 
[WARN ] 2019-04-18 15:46:21.259 [main] CounterSeviceServer - warning .... ... 
[ERROR] 2019-04-18 15:46:21.259 [main] CounterSeviceServer - error ... ... 
[FATAL] 2019-04-18 15:46:21.259 [main] CounterSeviceServer - fatal ... ...
[INFO ] 2019-04-18 15:46:21.552 [main] CounterSeviceServer - Server started, listening on 9090
[TRACE] 2019-04-18 16:11:59.569 [main] CounterSeviceServer - tracing... ...
[DEBUG] 2019-04-18 16:11:59.573 [main] CounterSeviceServer - debuging ... ...
[INFO ] 2019-04-18 16:11:59.573 [main] CounterSeviceServer - info ... ... 
[WARN ] 2019-04-18 16:11:59.573 [main] CounterSeviceServer - warning .... ... 
[ERROR] 2019-04-18 16:11:59.573 [main] CounterSeviceServer - error ... ... 
[FATAL] 2019-04-18 16:11:59.573 [main] CounterSeviceServer - fatal ... ...
[INFO ] 2019-04-18 16:11:59.885 [main] CounterSeviceServer - Server started, listening on 9090
[TRACE] 2019-04-18 16:19:05.680 [main] CounterSeviceServer - tracing... ...
[DEBUG] 2019-04-18 16:19:05.683 [main] CounterSeviceServer - debuging ... ...
[INFO ] 2019-04-18 16:19:05.683 [main] CounterSeviceServer - info ... ... 
[WARN ] 2019-04-18 16:19:05.683 [main] CounterSeviceServer - warning .... ... 
[ERROR] 2019-04-18 16:19:05.683 [main] CounterSeviceServer - error ... ... 
[FATAL] 2019-04-18 16:19:05.683 [main] CounterSeviceServer - fatal ... ...
[INFO ] 2019-04-18 16:19:05.947 [main] CounterSeviceServer - Server started, listening on 9090
[TRACE] 2019-04-18 16:20:12.244 [main] CounterSeviceServer - tracing... ...
[DEBUG] 2019-04-18 16:20:12.247 [main] CounterSeviceServer - debuging ... ...
[INFO ] 2019-04-18 16:20:12.247 [main] CounterSeviceServer - info ... ... 
[WARN ] 2019-04-18 16:20:12.247 [main] CounterSeviceServer - warning .... ... 
[ERROR] 2019-04-18 16:20:12.247 [main] CounterSeviceServer - error ... ... 
[FATAL] 2019-04-18 16:20:12.247 [main] CounterSeviceServer - fatal ... ...
[INFO ] 2019-04-18 16:20:12.499 [main] CounterSeviceServer - Server started, listening on 9090
[TRACE] 2019-04-18 16:34:19.032 [main] CounterSeviceServer - tracing... ...
[DEBUG] 2019-04-18 16:34:19.035 [main] CounterSeviceServer - debuging ... ...
[INFO ] 2019-04-18 16:34:19.035 [main] CounterSeviceServer - info ... ... 
[WARN ] 2019-04-18 16:34:19.035 [main] CounterSeviceServer - warning .... ... 
[ERROR] 2019-04-18 16:34:19.036 [main] CounterSeviceServer - error ... ... 
[FATAL] 2019-04-18 16:34:19.036 [main] CounterSeviceServer - fatal ... ...
[INFO ] 2019-04-18 16:34:19.332 [main] CounterSeviceServer - Server started, listening on 9090
[TRACE] 2019-04-18 16:35:31.398 [main] CounterSeviceServer - tracing... ...
[DEBUG] 2019-04-18 16:35:31.402 [main] CounterSeviceServer - debuging ... ...
[INFO ] 2019-04-18 16:35:31.402 [main] CounterSeviceServer - info ... ... 
[WARN ] 2019-04-18 16:35:31.402 [main] CounterSeviceServer - warning .... ... 
[ERROR] 2019-04-18 16:35:31.402 [main] CounterSeviceServer - error ... ... 
[FATAL] 2019-04-18 16:35:31.402 [main] CounterSeviceServer - fatal ... ...
[INFO ] 2019-04-18 16:35:31.687 [main] CounterSeviceServer - Server started, listening on 9090
[TRACE] 2019-04-18 18:14:14.695 [main] CounterSeviceServer - tracing... ...
[DEBUG] 2019-04-18 18:14:14.699 [main] CounterSeviceServer - debuging ... ...
[INFO ] 2019-04-18 18:14:14.699 [main] CounterSeviceServer - info ... ... 
[WARN ] 2019-04-18 18:14:14.699 [main] CounterSeviceServer - warning .... ... 
[ERROR] 2019-04-18 18:14:14.699 [main] CounterSeviceServer - error ... ... 
[FATAL] 2019-04-18 18:14:14.699 [main] CounterSeviceServer - fatal ... ...
[INFO ] 2019-04-18 18:14:14.995 [main] CounterSeviceServer - Server started, listening on 9090
[TRACE] 2019-04-18 18:16:37.672 [main] CounterSeviceServer - tracing... ...
[DEBUG] 2019-04-18 18:16:37.675 [main] CounterSeviceServer - debuging ... ...
[INFO ] 2019-04-18 18:16:37.675 [main] CounterSeviceServer - info ... ... 
[WARN ] 2019-04-18 18:16:37.676 [main] CounterSeviceServer - warning .... ... 
[ERROR] 2019-04-18 18:16:37.676 [main] CounterSeviceServer - error ... ... 
[FATAL] 2019-04-18 18:16:37.676 [main] CounterSeviceServer - fatal ... ...
[INFO ] 2019-04-18 18:16:37.941 [main] CounterSeviceServer - Server started, listening on 9090
[TRACE] 2019-04-18 18:18:01.035 [main] CounterSeviceServer - tracing... ...
[DEBUG] 2019-04-18 18:18:01.038 [main] CounterSeviceServer - debuging ... ...
[INFO ] 2019-04-18 18:18:01.038 [main] CounterSeviceServer - info ... ... 
[WARN ] 2019-04-18 18:18:01.038 [main] CounterSeviceServer - warning .... ... 
[ERROR] 2019-04-18 18:18:01.038 [main] CounterSeviceServer - error ... ... 
[FATAL] 2019-04-18 18:18:01.038 [main] CounterSeviceServer - fatal ... ...
[INFO ] 2019-04-18 18:18:01.325 [main] CounterSeviceServer - Server started, listening on 9090
[TRACE] 2019-04-18 18:20:14.397 [main] CounterSeviceServer - tracing... ...
[DEBUG] 2019-04-18 18:20:14.400 [main] CounterSeviceServer - debuging ... ...
[INFO ] 2019-04-18 18:20:14.400 [main] CounterSeviceServer - info ... ... 
[WARN ] 2019-04-18 18:20:14.400 [main] CounterSeviceServer - warning .... ... 
[ERROR] 2019-04-18 18:20:14.401 [main] CounterSeviceServer - error ... ... 
[FATAL] 2019-04-18 18:20:14.401 [main] CounterSeviceServer - fatal ... ...
[INFO ] 2019-04-18 18:20:14.737 [main] CounterSeviceServer - Server started, listening on 9090
[TRACE] 2019-04-18 18:22:51.283 [main] CounterSeviceServer - tracing... ...
[DEBUG] 2019-04-18 18:22:51.287 [main] CounterSeviceServer - debuging ... ...
[INFO ] 2019-04-18 18:22:51.287 [main] CounterSeviceServer - info ... ... 
[WARN ] 2019-04-18 18:22:51.287 [main] CounterSeviceServer - warning .... ... 
[ERROR] 2019-04-18 18:22:51.287 [main] CounterSeviceServer - error ... ... 
[FATAL] 2019-04-18 18:22:51.287 [main] CounterSeviceServer - fatal ... ...
[INFO ] 2019-04-18 18:22:51.594 [main] CounterSeviceServer - Server started, listening on 9090
[TRACE] 2019-04-18 18:23:24.747 [main] CounterSeviceServer - tracing... ...
[DEBUG] 2019-04-18 18:23:24.750 [main] CounterSeviceServer - debuging ... ...
[INFO ] 2019-04-18 18:23:24.750 [main] CounterSeviceServer - info ... ... 
[WARN ] 2019-04-18 18:23:24.751 [main] CounterSeviceServer - warning .... ... 
[ERROR] 2019-04-18 18:23:24.751 [main] CounterSeviceServer - error ... ... 
[FATAL] 2019-04-18 18:23:24.751 [main] CounterSeviceServer - fatal ... ...
[INFO ] 2019-04-18 18:23:25.070 [main] CounterSeviceServer - Server started, listening on 9090
[TRACE] 2019-04-18 18:24:35.201 [main] CounterSeviceServer - tracing... ...
[DEBUG] 2019-04-18 18:24:35.204 [main] CounterSeviceServer - debuging ... ...
[INFO ] 2019-04-18 18:24:35.204 [main] CounterSeviceServer - info ... ... 
[WARN ] 2019-04-18 18:24:35.204 [main] CounterSeviceServer - warning .... ... 
[ERROR] 2019-04-18 18:24:35.204 [main] CounterSeviceServer - error ... ... 
[FATAL] 2019-04-18 18:24:35.204 [main] CounterSeviceServer - fatal ... ...
[INFO ] 2019-04-18 18:24:35.476 [main] CounterSeviceServer - Server started, listening on 9090
[TRACE] 2019-04-18 18:27:37.248 [main] CounterSeviceServer - tracing... ...
[DEBUG] 2019-04-18 18:27:37.252 [main] CounterSeviceServer - debuging ... ...
[INFO ] 2019-04-18 18:27:37.252 [main] CounterSeviceServer - info ... ... 
[WARN ] 2019-04-18 18:27:37.252 [main] CounterSeviceServer - warning .... ... 
[ERROR] 2019-04-18 18:27:37.252 [main] CounterSeviceServer - error ... ... 
[FATAL] 2019-04-18 18:27:37.252 [main] CounterSeviceServer - fatal ... ...
[INFO ] 2019-04-18 18:27:37.524 [main] CounterSeviceServer - Server started, listening on 9090
[TRACE] 2019-04-18 18:31:37.687 [main] CounterSeviceServer - tracing... ...
[DEBUG] 2019-04-18 18:31:37.690 [main] CounterSeviceServer - debuging ... ...
[INFO ] 2019-04-18 18:31:37.690 [main] CounterSeviceServer - info ... ... 
[WARN ] 2019-04-18 18:31:37.690 [main] CounterSeviceServer - warning .... ... 
[ERROR] 2019-04-18 18:31:37.691 [main] CounterSeviceServer - error ... ... 
[FATAL] 2019-04-18 18:31:37.691 [main] CounterSeviceServer - fatal ... ...
[INFO ] 2019-04-18 18:31:37.982 [main] CounterSeviceServer - Server started, listening on 9090
[TRACE] 2019-04-18 18:35:44.312 [main] CounterSeviceServer - tracing... ...
[DEBUG] 2019-04-18 18:35:44.315 [main] CounterSeviceServer - debuging ... ...
[INFO ] 2019-04-18 18:35:44.315 [main] CounterSeviceServer - info ... ... 
[WARN ] 2019-04-18 18:35:44.315 [main] CounterSeviceServer - warning .... ... 
[ERROR] 2019-04-18 18:35:44.316 [main] CounterSeviceServer - error ... ... 
[FATAL] 2019-04-18 18:35:44.316 [main] CounterSeviceServer - fatal ... ...
[INFO ] 2019-04-18 18:35:44.583 [main] CounterSeviceServer - Server started, listening on 9090
